Analysis & Synthesis report for display
Thu Mar 30 16:20:18 2023
Quartus Prime Version 20.1.1 Build 720 11/11/2020 SJ Lite Edition


---------------------
; Table of Contents ;
---------------------
  1. Legal Notice
  2. Analysis & Synthesis Summary
  3. Analysis & Synthesis Settings
  4. Parallel Compilation
  5. Analysis & Synthesis Source Files Read
  6. Analysis & Synthesis Resource Usage Summary
  7. Analysis & Synthesis Resource Utilization by Entity
  8. State Machine - |receptor_exp2|receptor_UC:UC|current_state
  9. User-Specified and Inferred Latches
 10. General Register Statistics
 11. Inverted Register Statistics
 12. Multiplexer Restructuring Statistics (Restructuring Performed)
 13. Post-Synthesis Netlist Statistics for Top Partition
 14. Elapsed Time Per Partition
 15. Analysis & Synthesis Messages



----------------
; Legal Notice ;
----------------
Copyright (C) 2020  Intel Corporation. All rights reserved.
Your use of Intel Corporation's design tools, logic functions 
and other software and tools, and any partner logic 
functions, and any output files from any of the foregoing 
(including device programming or simulation files), and any 
associated documentation or information are expressly subject 
to the terms and conditions of the Intel Program License 
Subscription Agreement, the Intel Quartus Prime License Agreement,
the Intel FPGA IP License Agreement, or other applicable license
agreement, including, without limitation, that your use is for
the sole purpose of programming logic devices manufactured by
Intel and sold by Intel or its authorized distributors.  Please
refer to the applicable agreement for further details, at
https://fpgasoftware.intel.com/eula.



+-------------------------------------------------------------------------------+
; Analysis & Synthesis Summary                                                  ;
+---------------------------------+---------------------------------------------+
; Analysis & Synthesis Status     ; Successful - Thu Mar 30 16:20:18 2023       ;
; Quartus Prime Version           ; 20.1.1 Build 720 11/11/2020 SJ Lite Edition ;
; Revision Name                   ; display                                     ;
; Top-level Entity Name           ; receptor_exp2                               ;
; Family                          ; Cyclone V                                   ;
; Logic utilization (in ALMs)     ; N/A                                         ;
; Total registers                 ; 90                                          ;
; Total pins                      ; 11                                          ;
; Total virtual pins              ; 0                                           ;
; Total block memory bits         ; 0                                           ;
; Total DSP Blocks                ; 0                                           ;
; Total HSSI RX PCSs              ; 0                                           ;
; Total HSSI PMA RX Deserializers ; 0                                           ;
; Total HSSI TX PCSs              ; 0                                           ;
; Total HSSI PMA TX Serializers   ; 0                                           ;
; Total PLLs                      ; 0                                           ;
; Total DLLs                      ; 0                                           ;
+---------------------------------+---------------------------------------------+


+---------------------------------------------------------------------------------------------------------------------------+
; Analysis & Synthesis Settings                                                                                             ;
+---------------------------------------------------------------------------------+--------------------+--------------------+
; Option                                                                          ; Setting            ; Default Value      ;
+---------------------------------------------------------------------------------+--------------------+--------------------+
; Device                                                                          ; 5CGXFC7C7F23C8     ;                    ;
; Top-level entity name                                                           ; receptor_exp2      ; display            ;
; Family name                                                                     ; Cyclone V          ; Cyclone V          ;
; Use smart compilation                                                           ; Off                ; Off                ;
; Enable parallel Assembler and Timing Analyzer during compilation                ; On                 ; On                 ;
; Enable compact report table                                                     ; Off                ; Off                ;
; Restructure Multiplexers                                                        ; Auto               ; Auto               ;
; MLAB Add Timing Constraints For Mixed-Port Feed-Through Mode Setting Don't Care ; Off                ; Off                ;
; Create Debugging Nodes for IP Cores                                             ; Off                ; Off                ;
; Preserve fewer node names                                                       ; On                 ; On                 ;
; Intel FPGA IP Evaluation Mode                                                   ; Enable             ; Enable             ;
; Verilog Version                                                                 ; Verilog_2001       ; Verilog_2001       ;
; VHDL Version                                                                    ; VHDL_1993          ; VHDL_1993          ;
; State Machine Processing                                                        ; Auto               ; Auto               ;
; Safe State Machine                                                              ; Off                ; Off                ;
; Extract Verilog State Machines                                                  ; On                 ; On                 ;
; Extract VHDL State Machines                                                     ; On                 ; On                 ;
; Ignore Verilog initial constructs                                               ; Off                ; Off                ;
; Iteration limit for constant Verilog loops                                      ; 5000               ; 5000               ;
; Iteration limit for non-constant Verilog loops                                  ; 250                ; 250                ;
; Add Pass-Through Logic to Inferred RAMs                                         ; On                 ; On                 ;
; Infer RAMs from Raw Logic                                                       ; On                 ; On                 ;
; Parallel Synthesis                                                              ; On                 ; On                 ;
; DSP Block Balancing                                                             ; Auto               ; Auto               ;
; NOT Gate Push-Back                                                              ; On                 ; On                 ;
; Power-Up Don't Care                                                             ; On                 ; On                 ;
; Remove Redundant Logic Cells                                                    ; Off                ; Off                ;
; Remove Duplicate Registers                                                      ; On                 ; On                 ;
; Ignore CARRY Buffers                                                            ; Off                ; Off                ;
; Ignore CASCADE Buffers                                                          ; Off                ; Off                ;
; Ignore GLOBAL Buffers                                                           ; Off                ; Off                ;
; Ignore ROW GLOBAL Buffers                                                       ; Off                ; Off                ;
; Ignore LCELL Buffers                                                            ; Off                ; Off                ;
; Ignore SOFT Buffers                                                             ; On                 ; On                 ;
; Limit AHDL Integers to 32 Bits                                                  ; Off                ; Off                ;
; Optimization Technique                                                          ; Balanced           ; Balanced           ;
; Carry Chain Length                                                              ; 70                 ; 70                 ;
; Auto Carry Chains                                                               ; On                 ; On                 ;
; Auto Open-Drain Pins                                                            ; On                 ; On                 ;
; Perform WYSIWYG Primitive Resynthesis                                           ; Off                ; Off                ;
; Auto ROM Replacement                                                            ; On                 ; On                 ;
; Auto RAM Replacement                                                            ; On                 ; On                 ;
; Auto DSP Block Replacement                                                      ; On                 ; On                 ;
; Auto Shift Register Replacement                                                 ; Auto               ; Auto               ;
; Allow Shift Register Merging across Hierarchies                                 ; Auto               ; Auto               ;
; Auto Clock Enable Replacement                                                   ; On                 ; On                 ;
; Strict RAM Replacement                                                          ; Off                ; Off                ;
; Allow Synchronous Control Signals                                               ; On                 ; On                 ;
; Force Use of Synchronous Clear Signals                                          ; Off                ; Off                ;
; Auto Resource Sharing                                                           ; Off                ; Off                ;
; Allow Any RAM Size For Recognition                                              ; Off                ; Off                ;
; Allow Any ROM Size For Recognition                                              ; Off                ; Off                ;
; Allow Any Shift Register Size For Recognition                                   ; Off                ; Off                ;
; Use LogicLock Constraints during Resource Balancing                             ; On                 ; On                 ;
; Ignore translate_off and synthesis_off directives                               ; Off                ; Off                ;
; Timing-Driven Synthesis                                                         ; On                 ; On                 ;
; Report Parameter Settings                                                       ; On                 ; On                 ;
; Report Source Assignments                                                       ; On                 ; On                 ;
; Report Connectivity Checks                                                      ; On                 ; On                 ;
; Ignore Maximum Fan-Out Assignments                                              ; Off                ; Off                ;
; Synchronization Register Chain Length                                           ; 3                  ; 3                  ;
; Power Optimization During Synthesis                                             ; Normal compilation ; Normal compilation ;
; HDL message level                                                               ; Level2             ; Level2             ;
; Suppress Register Optimization Related Messages                                 ; Off                ; Off                ;
; Number of Removed Registers Reported in Synthesis Report                        ; 5000               ; 5000               ;
; Number of Swept Nodes Reported in Synthesis Report                              ; 5000               ; 5000               ;
; Number of Inverted Registers Reported in Synthesis Report                       ; 100                ; 100                ;
; Clock MUX Protection                                                            ; On                 ; On                 ;
; Auto Gated Clock Conversion                                                     ; Off                ; Off                ;
; Block Design Naming                                                             ; Auto               ; Auto               ;
; SDC constraint protection                                                       ; Off                ; Off                ;
; Synthesis Effort                                                                ; Auto               ; Auto               ;
; Shift Register Replacement - Allow Asynchronous Clear Signal                    ; On                 ; On                 ;
; Pre-Mapping Resynthesis Optimization                                            ; Off                ; Off                ;
; Analysis & Synthesis Message Level                                              ; Medium             ; Medium             ;
; Disable Register Merging Across Hierarchies                                     ; Auto               ; Auto               ;
; Resource Aware Inference For Block RAM                                          ; On                 ; On                 ;
; Automatic Parallel Synthesis                                                    ; On                 ; On                 ;
; Partial Reconfiguration Bitstream ID                                            ; Off                ; Off                ;
+---------------------------------------------------------------------------------+--------------------+--------------------+


+------------------------------------------+
; Parallel Compilation                     ;
+----------------------------+-------------+
; Processors                 ; Number      ;
+----------------------------+-------------+
; Number detected on machine ; 8           ;
; Maximum allowed            ; 4           ;
;                            ;             ;
; Average used               ; 1.00        ;
; Maximum used               ; 4           ;
;                            ;             ;
; Usage by Processor         ; % Time Used ;
;     Processor 1            ; 100.0%      ;
;     Processors 2-4         ;   0.0%      ;
+----------------------------+-------------+


+------------------------------------------------------------------------------------------------------------------------------------------+
; Analysis & Synthesis Source Files Read                                                                                                   ;
+----------------------------------+-----------------+-----------------+---------------------------------------------------------+---------+
; File Name with User-Entered Path ; Used in Netlist ; File Type       ; File Name with Absolute Path                            ; Library ;
+----------------------------------+-----------------+-----------------+---------------------------------------------------------+---------+
; display.vhd                      ; yes             ; User VHDL File  ; C:/Users/Operador/Documents/hc_e_peixe_exp2/display.vhd ;         ;
+----------------------------------+-----------------+-----------------+---------------------------------------------------------+---------+


+-----------------------------------------------------------+
; Analysis & Synthesis Resource Usage Summary               ;
+---------------------------------------------+-------------+
; Resource                                    ; Usage       ;
+---------------------------------------------+-------------+
; Estimate of Logic utilization (ALMs needed) ; 88          ;
;                                             ;             ;
; Combinational ALUT usage for logic          ; 146         ;
;     -- 7 input functions                    ; 3           ;
;     -- 6 input functions                    ; 25          ;
;     -- 5 input functions                    ; 26          ;
;     -- 4 input functions                    ; 3           ;
;     -- <=3 input functions                  ; 89          ;
;                                             ;             ;
; Dedicated logic registers                   ; 90          ;
;                                             ;             ;
; I/O pins                                    ; 11          ;
;                                             ;             ;
; Total DSP Blocks                            ; 0           ;
;                                             ;             ;
; Maximum fan-out node                        ; reset~input ;
; Maximum fan-out                             ; 71          ;
; Total fan-out                               ; 855         ;
; Average fan-out                             ; 3.31        ;
+---------------------------------------------+-------------+


+------------------------------------------------------------------------------------------------------------------------------------------------------------------------------------------------------+
; Analysis & Synthesis Resource Utilization by Entity                                                                                                                                                  ;
+----------------------------+---------------------+---------------------------+-------------------+------------+------+--------------+---------------------------------+---------------+--------------+
; Compilation Hierarchy Node ; Combinational ALUTs ; Dedicated Logic Registers ; Block Memory Bits ; DSP Blocks ; Pins ; Virtual Pins ; Full Hierarchy Name             ; Entity Name   ; Library Name ;
+----------------------------+---------------------+---------------------------+-------------------+------------+------+--------------+---------------------------------+---------------+--------------+
; |receptor_exp2             ; 146 (0)             ; 90 (0)                    ; 0                 ; 0          ; 11   ; 0            ; |receptor_exp2                  ; receptor_exp2 ; work         ;
;    |ClockD:CD1|            ; 41 (41)             ; 33 (33)                   ; 0                 ; 0          ; 0    ; 0            ; |receptor_exp2|ClockD:CD1       ; ClockD        ; work         ;
;    |Clock_Divider:CD|      ; 41 (41)             ; 33 (33)                   ; 0                 ; 0          ; 0    ; 0            ; |receptor_exp2|Clock_Divider:CD ; Clock_Divider ; work         ;
;    |amostrador:AN|         ; 2 (2)               ; 2 (2)                     ; 0                 ; 0          ; 0    ; 0            ; |receptor_exp2|amostrador:AN    ; amostrador    ; work         ;
;    |contador:CO|           ; 8 (8)               ; 0 (0)                     ; 0                 ; 0          ; 0    ; 0            ; |receptor_exp2|contador:CO      ; contador      ; work         ;
;    |dado_reg:DA|           ; 1 (1)               ; 9 (9)                     ; 0                 ; 0          ; 0    ; 0            ; |receptor_exp2|dado_reg:DA      ; dado_reg      ; work         ;
;    |disp_mem:MD|           ; 0 (0)               ; 8 (8)                     ; 0                 ; 0          ; 0    ; 0            ; |receptor_exp2|disp_mem:MD      ; disp_mem      ; work         ;
;    |display_dec:D|         ; 33 (33)             ; 0 (0)                     ; 0                 ; 0          ; 0    ; 0            ; |receptor_exp2|display_dec:D    ; display_dec   ; work         ;
;    |paridade:PA|           ; 2 (2)               ; 0 (0)                     ; 0                 ; 0          ; 0    ; 0            ; |receptor_exp2|paridade:PA      ; paridade      ; work         ;
;    |receptor_UC:UC|        ; 18 (18)             ; 5 (5)                     ; 0                 ; 0          ; 0    ; 0            ; |receptor_exp2|receptor_UC:UC   ; receptor_UC   ; work         ;
+----------------------------+---------------------+---------------------------+-------------------+------------+------+--------------+---------------------------------+---------------+--------------+
Note: For table entries with two numbers listed, the numbers in parentheses indicate the number of resources of the given type used by the specific entity alone. The numbers listed outside of parentheses indicate the total resources of the given type used by the specific entity and all of its sub-entities in the hierarchy.


Encoding Type:  One-Hot
+----------------------------------------------------------------------------------------------------------------------------------------------------------------------+
; State Machine - |receptor_exp2|receptor_UC:UC|current_state                                                                                                          ;
+-----------------------------+-----------------------------+----------------------------+--------------------------+-------------------------+------------------------+
; Name                        ; current_state.nup_display_s ; current_state.up_display_s ; current_state.paridade_s ; current_state.captura_s ; current_state.espera_s ;
+-----------------------------+-----------------------------+----------------------------+--------------------------+-------------------------+------------------------+
; current_state.espera_s      ; 0                           ; 0                          ; 0                        ; 0                       ; 0                      ;
; current_state.captura_s     ; 0                           ; 0                          ; 0                        ; 1                       ; 1                      ;
; current_state.paridade_s    ; 0                           ; 0                          ; 1                        ; 0                       ; 1                      ;
; current_state.up_display_s  ; 0                           ; 1                          ; 0                        ; 0                       ; 1                      ;
; current_state.nup_display_s ; 1                           ; 0                          ; 0                        ; 0                       ; 1                      ;
+-----------------------------+-----------------------------+----------------------------+--------------------------+-------------------------+------------------------+


+--------------------------------------------------------------------------------------------------------+
; User-Specified and Inferred Latches                                                                    ;
+----------------------------------------------------+--------------------------+------------------------+
; Latch Name                                         ; Latch Enable Signal      ; Free of Timing Hazards ;
+----------------------------------------------------+--------------------------+------------------------+
; receptor_UC:UC|next_state.up_display_s_122         ; GND                      ; yes                    ;
; receptor_UC:UC|next_state.espera_s_155             ; GND                      ; yes                    ;
; receptor_UC:UC|next_state.captura_s_144            ; GND                      ; yes                    ;
; contador:CO|valor[3]                               ; dado_reg:DA|shift_reg[8] ; yes                    ;
; contador:CO|valor[1]                               ; dado_reg:DA|shift_reg[8] ; yes                    ;
; contador:CO|valor[2]                               ; dado_reg:DA|shift_reg[8] ; yes                    ;
; contador:CO|valor[0]                               ; dado_reg:DA|shift_reg[8] ; yes                    ;
; receptor_UC:UC|next_state.nup_display_s_111        ; GND                      ; yes                    ;
; receptor_UC:UC|next_state.paridade_s_133           ; GND                      ; yes                    ;
; Number of user-specified and inferred latches = 9  ;                          ;                        ;
+----------------------------------------------------+--------------------------+------------------------+
Note: All latches listed above may not be present at the end of synthesis due to various synthesis optimizations.


+------------------------------------------------------+
; General Register Statistics                          ;
+----------------------------------------------+-------+
; Statistic                                    ; Value ;
+----------------------------------------------+-------+
; Total registers                              ; 90    ;
; Number of registers using Synchronous Clear  ; 71    ;
; Number of registers using Synchronous Load   ; 0     ;
; Number of registers using Asynchronous Clear ; 71    ;
; Number of registers using Asynchronous Load  ; 0     ;
; Number of registers using Clock Enable       ; 17    ;
; Number of registers using Preset             ; 0     ;
+----------------------------------------------+-------+


+--------------------------------------------------+
; Inverted Register Statistics                     ;
+----------------------------------------+---------+
; Inverted Register                      ; Fan out ;
+----------------------------------------+---------+
; amostrador:AN|shift_reg[2]             ; 6       ;
; ClockD:CD1|count[0]                    ; 2       ;
; amostrador:AN|shift_reg[3]             ; 1       ;
; Clock_Divider:CD|count[0]              ; 2       ;
; Total number of inverted registers = 4 ;         ;
+----------------------------------------+---------+


+---------------------------------------------------------------------------------------------------------------------------------------------------------------------+
; Multiplexer Restructuring Statistics (Restructuring Performed)                                                                                                      ;
+--------------------+-----------+---------------+----------------------+------------------------+------------+-------------------------------------------------------+
; Multiplexer Inputs ; Bus Width ; Baseline Area ; Area if Restructured ; Saving if Restructured ; Registered ; Example Multiplexer Output                            ;
+--------------------+-----------+---------------+----------------------+------------------------+------------+-------------------------------------------------------+
; 3:1                ; 9 bits    ; 18 LEs        ; 0 LEs                ; 18 LEs                 ; Yes        ; |receptor_exp2|dado_reg:DA|shift_reg[8]               ;
; 4:1                ; 2 bits    ; 4 LEs         ; 4 LEs                ; 0 LEs                  ; No         ; |receptor_exp2|receptor_UC:UC|next_state.up_display_s ;
+--------------------+-----------+---------------+----------------------+------------------------+------------+-------------------------------------------------------+


+-----------------------------------------------------+
; Post-Synthesis Netlist Statistics for Top Partition ;
+-----------------------+-----------------------------+
; Type                  ; Count                       ;
+-----------------------+-----------------------------+
; arriav_ff             ; 90                          ;
;     CLR               ; 9                           ;
;     CLR SCLR          ; 62                          ;
;     ENA               ; 8                           ;
;     ENA SCLR          ; 9                           ;
;     plain             ; 2                           ;
; arriav_lcell_comb     ; 146                         ;
;     arith             ; 64                          ;
;         1 data inputs ; 64                          ;
;     extend            ; 3                           ;
;         7 data inputs ; 3                           ;
;     normal            ; 79                          ;
;         1 data inputs ; 5                           ;
;         2 data inputs ; 7                           ;
;         3 data inputs ; 13                          ;
;         4 data inputs ; 3                           ;
;         5 data inputs ; 26                          ;
;         6 data inputs ; 25                          ;
; boundary_port         ; 11                          ;
;                       ;                             ;
; Max LUT depth         ; 4.10                        ;
; Average LUT depth     ; 2.89                        ;
+-----------------------+-----------------------------+


+-------------------------------+
; Elapsed Time Per Partition    ;
+----------------+--------------+
; Partition Name ; Elapsed Time ;
+----------------+--------------+
; Top            ; 00:00:00     ;
+----------------+--------------+


+-------------------------------+
; Analysis & Synthesis Messages ;
+-------------------------------+
Info: *******************************************************************
Info: Running Quartus Prime Analysis & Synthesis
    Info: Version 20.1.1 Build 720 11/11/2020 SJ Lite Edition
    Info: Processing started: Thu Mar 30 16:20:06 2023
Info: Command: quartus_map --read_settings_files=on --write_settings_files=off hsuino -c display
Warning (18236): Number of processors has not been specified which may cause overloading on shared machines.  Set the global assignment NUM_PARALLEL_PROCESSORS in your QSF to an appropriate value for best performance.
Info (20030): Parallel compilation is enabled and will use 4 of the 4 processors detected
Info (12021): Found 22 design units, including 11 entities, in source file display.vhd
    Info (12022): Found design unit 1: receptor_exp2-receptor_Arch File: C:/Users/Operador/Documents/hc_e_peixe_exp2/display.vhd Line: 13
    Info (12022): Found design unit 2: receptor_UC-UC_Arch File: C:/Users/Operador/Documents/hc_e_peixe_exp2/display.vhd Line: 154
    Info (12022): Found design unit 3: contador-contador_Arch File: C:/Users/Operador/Documents/hc_e_peixe_exp2/display.vhd Line: 196
    Info (12022): Found design unit 4: paridade-paridade_Arch File: C:/Users/Operador/Documents/hc_e_peixe_exp2/display.vhd Line: 228
    Info (12022): Found design unit 5: amostrador-amostrador_Arch File: C:/Users/Operador/Documents/hc_e_peixe_exp2/display.vhd Line: 247
    Info (12022): Found design unit 6: disp_mem-disp_mem_Arch File: C:/Users/Operador/Documents/hc_e_peixe_exp2/display.vhd Line: 276
    Info (12022): Found design unit 7: dado_reg-dado_reg_Arch File: C:/Users/Operador/Documents/hc_e_peixe_exp2/display.vhd Line: 304
    Info (12022): Found design unit 8: Clock_Divider-bhv File: C:/Users/Operador/Documents/hc_e_peixe_exp2/display.vhd Line: 331
    Info (12022): Found design unit 9: ClockD-bhv2 File: C:/Users/Operador/Documents/hc_e_peixe_exp2/display.vhd Line: 358
    Info (12022): Found design unit 10: note-a File: C:/Users/Operador/Documents/hc_e_peixe_exp2/display.vhd Line: 387
    Info (12022): Found design unit 11: display_dec-comb File: C:/Users/Operador/Documents/hc_e_peixe_exp2/display.vhd Line: 411
    Info (12023): Found entity 1: receptor_exp2 File: C:/Users/Operador/Documents/hc_e_peixe_exp2/display.vhd Line: 5
    Info (12023): Found entity 2: receptor_UC File: C:/Users/Operador/Documents/hc_e_peixe_exp2/display.vhd Line: 138
    Info (12023): Found entity 3: contador File: C:/Users/Operador/Documents/hc_e_peixe_exp2/display.vhd Line: 187
    Info (12023): Found entity 4: paridade File: C:/Users/Operador/Documents/hc_e_peixe_exp2/display.vhd Line: 220
    Info (12023): Found entity 5: amostrador File: C:/Users/Operador/Documents/hc_e_peixe_exp2/display.vhd Line: 238
    Info (12023): Found entity 6: disp_mem File: C:/Users/Operador/Documents/hc_e_peixe_exp2/display.vhd Line: 266
    Info (12023): Found entity 7: dado_reg File: C:/Users/Operador/Documents/hc_e_peixe_exp2/display.vhd Line: 296
    Info (12023): Found entity 8: Clock_Divider File: C:/Users/Operador/Documents/hc_e_peixe_exp2/display.vhd Line: 324
    Info (12023): Found entity 9: ClockD File: C:/Users/Operador/Documents/hc_e_peixe_exp2/display.vhd Line: 351
    Info (12023): Found entity 10: note File: C:/Users/Operador/Documents/hc_e_peixe_exp2/display.vhd Line: 380
    Info (12023): Found entity 11: display_dec File: C:/Users/Operador/Documents/hc_e_peixe_exp2/display.vhd Line: 404
Warning (12019): Can't analyze file -- file receptor_exp2.vhd is missing
Info (12127): Elaborating entity "receptor_exp2" for the top level hierarchy
Info (12128): Elaborating entity "Clock_Divider" for hierarchy "Clock_Divider:CD" File: C:/Users/Operador/Documents/hc_e_peixe_exp2/display.vhd Line: 117
Warning (10492): VHDL Process Statement warning at display.vhd(347): signal "tmp" is read inside the Process Statement but isn't in the Process Statement's sensitivity list File: C:/Users/Operador/Documents/hc_e_peixe_exp2/display.vhd Line: 347
Info (12128): Elaborating entity "ClockD" for hierarchy "ClockD:CD1" File: C:/Users/Operador/Documents/hc_e_peixe_exp2/display.vhd Line: 118
Warning (10492): VHDL Process Statement warning at display.vhd(374): signal "tmp" is read inside the Process Statement but isn't in the Process Statement's sensitivity list File: C:/Users/Operador/Documents/hc_e_peixe_exp2/display.vhd Line: 374
Info (12128): Elaborating entity "note" for hierarchy "note:N" File: C:/Users/Operador/Documents/hc_e_peixe_exp2/display.vhd Line: 119
Info (12128): Elaborating entity "amostrador" for hierarchy "amostrador:AN" File: C:/Users/Operador/Documents/hc_e_peixe_exp2/display.vhd Line: 120
Info (12128): Elaborating entity "receptor_UC" for hierarchy "receptor_UC:UC" File: C:/Users/Operador/Documents/hc_e_peixe_exp2/display.vhd Line: 121
Info (10041): Inferred latch for "next_state.nup_display_s" at display.vhd(169) File: C:/Users/Operador/Documents/hc_e_peixe_exp2/display.vhd Line: 169
Info (10041): Inferred latch for "next_state.up_display_s" at display.vhd(169) File: C:/Users/Operador/Documents/hc_e_peixe_exp2/display.vhd Line: 169
Info (10041): Inferred latch for "next_state.paridade_s" at display.vhd(169) File: C:/Users/Operador/Documents/hc_e_peixe_exp2/display.vhd Line: 169
Info (10041): Inferred latch for "next_state.captura_s" at display.vhd(169) File: C:/Users/Operador/Documents/hc_e_peixe_exp2/display.vhd Line: 169
Info (10041): Inferred latch for "next_state.espera_s" at display.vhd(169) File: C:/Users/Operador/Documents/hc_e_peixe_exp2/display.vhd Line: 169
Info (12128): Elaborating entity "dado_reg" for hierarchy "dado_reg:DA" File: C:/Users/Operador/Documents/hc_e_peixe_exp2/display.vhd Line: 122
Info (12128): Elaborating entity "contador" for hierarchy "contador:CO" File: C:/Users/Operador/Documents/hc_e_peixe_exp2/display.vhd Line: 123
Warning (10492): VHDL Process Statement warning at display.vhd(207): signal "en" is read inside the Process Statement but isn't in the Process Statement's sensitivity list File: C:/Users/Operador/Documents/hc_e_peixe_exp2/display.vhd Line: 207
Warning (10492): VHDL Process Statement warning at display.vhd(208): signal "valor" is read inside the Process Statement but isn't in the Process Statement's sensitivity list File: C:/Users/Operador/Documents/hc_e_peixe_exp2/display.vhd Line: 208
Warning (10631): VHDL Process Statement warning at display.vhd(202): inferring latch(es) for signal or variable "valor", which holds its previous value in one or more paths through the process File: C:/Users/Operador/Documents/hc_e_peixe_exp2/display.vhd Line: 202
Info (10041): Inferred latch for "valor[0]" at display.vhd(202) File: C:/Users/Operador/Documents/hc_e_peixe_exp2/display.vhd Line: 202
Info (10041): Inferred latch for "valor[1]" at display.vhd(202) File: C:/Users/Operador/Documents/hc_e_peixe_exp2/display.vhd Line: 202
Info (10041): Inferred latch for "valor[2]" at display.vhd(202) File: C:/Users/Operador/Documents/hc_e_peixe_exp2/display.vhd Line: 202
Info (10041): Inferred latch for "valor[3]" at display.vhd(202) File: C:/Users/Operador/Documents/hc_e_peixe_exp2/display.vhd Line: 202
Info (12128): Elaborating entity "paridade" for hierarchy "paridade:PA" File: C:/Users/Operador/Documents/hc_e_peixe_exp2/display.vhd Line: 124
Info (12128): Elaborating entity "disp_mem" for hierarchy "disp_mem:MD" File: C:/Users/Operador/Documents/hc_e_peixe_exp2/display.vhd Line: 125
Info (12128): Elaborating entity "display_dec" for hierarchy "display_dec:D" File: C:/Users/Operador/Documents/hc_e_peixe_exp2/display.vhd Line: 127
Warning (13012): Latch contador:CO|valor[3] has unsafe behavior File: C:/Users/Operador/Documents/hc_e_peixe_exp2/display.vhd Line: 202
    Warning (13013): Ports D and ENA on the latch are fed by the same signal receptor_UC:UC|current_state.captura_s File: C:/Users/Operador/Documents/hc_e_peixe_exp2/display.vhd Line: 156
Warning (13012): Latch contador:CO|valor[1] has unsafe behavior File: C:/Users/Operador/Documents/hc_e_peixe_exp2/display.vhd Line: 202
    Warning (13013): Ports D and ENA on the latch are fed by the same signal receptor_UC:UC|current_state.captura_s File: C:/Users/Operador/Documents/hc_e_peixe_exp2/display.vhd Line: 156
Warning (13012): Latch contador:CO|valor[2] has unsafe behavior File: C:/Users/Operador/Documents/hc_e_peixe_exp2/display.vhd Line: 202
    Warning (13013): Ports D and ENA on the latch are fed by the same signal receptor_UC:UC|current_state.captura_s File: C:/Users/Operador/Documents/hc_e_peixe_exp2/display.vhd Line: 156
Warning (13012): Latch contador:CO|valor[0] has unsafe behavior File: C:/Users/Operador/Documents/hc_e_peixe_exp2/display.vhd Line: 202
    Warning (13013): Ports D and ENA on the latch are fed by the same signal receptor_UC:UC|current_state.captura_s File: C:/Users/Operador/Documents/hc_e_peixe_exp2/display.vhd Line: 156
Info (286030): Timing-Driven Synthesis is running
Info (16010): Generating hard_block partition "hard_block:auto_generated_inst"
    Info (16011): Adding 0 node(s), including 0 DDIO, 0 PLL, 0 transceiver and 0 LCELL
Info (21057): Implemented 178 device resources after synthesis - the final resource count might be different
    Info (21058): Implemented 3 input pins
    Info (21059): Implemented 8 output pins
    Info (21061): Implemented 167 logic cells
Info: Quartus Prime Analysis & Synthesis was successful. 0 errors, 15 warnings
    Info: Peak virtual memory: 4852 megabytes
    Info: Processing ended: Thu Mar 30 16:20:18 2023
    Info: Elapsed time: 00:00:12
    Info: Total CPU time (on all processors): 00:00:27


